{"/Users/ollar/Documents/dev/hunt/src/creature.js":{"path":"/Users/ollar/Documents/dev/hunt/src/creature.js","s":{"1":1,"2":1,"3":1,"4":1,"5":12,"6":12,"7":12,"8":12,"9":12,"10":12,"11":12,"12":12,"13":12,"14":12,"15":1,"16":1,"17":1,"18":8,"19":1,"20":7,"21":7,"22":2,"23":7,"24":4,"25":1,"26":3,"27":3,"28":3,"29":1,"30":4,"31":4,"32":1},"b":{"1":[1,7],"2":[2,5],"3":[4,3]},"f":{"1":12,"2":8,"3":3,"4":4},"fnMap":{"1":{"name":"Creature","line":5,"loc":{"start":{"line":5,"column":0},"end":{"line":5,"column":20}}},"2":{"name":"(anonymous_2)","line":27,"loc":{"start":{"line":27,"column":26},"end":{"line":27,"column":37}}},"3":{"name":"(anonymous_3)","line":36,"loc":{"start":{"line":36,"column":25},"end":{"line":36,"column":36}}},"4":{"name":"(anonymous_4)","line":43,"loc":{"start":{"line":43,"column":31},"end":{"line":43,"column":42}}}},"statementMap":{"1":{"start":{"line":1,"column":0},"end":{"line":1,"column":51}},"2":{"start":{"line":2,"column":0},"end":{"line":2,"column":35}},"3":{"start":{"line":3,"column":0},"end":{"line":3,"column":31}},"4":{"start":{"line":5,"column":0},"end":{"line":21,"column":1}},"5":{"start":{"line":6,"column":2},"end":{"line":6,"column":36}},"6":{"start":{"line":8,"column":2},"end":{"line":8,"column":19}},"7":{"start":{"line":10,"column":2},"end":{"line":10,"column":21}},"8":{"start":{"line":11,"column":2},"end":{"line":11,"column":20}},"9":{"start":{"line":12,"column":2},"end":{"line":12,"column":20}},"10":{"start":{"line":13,"column":2},"end":{"line":13,"column":23}},"11":{"start":{"line":14,"column":2},"end":{"line":14,"column":33}},"12":{"start":{"line":16,"column":2},"end":{"line":16,"column":35}},"13":{"start":{"line":18,"column":2},"end":{"line":18,"column":38}},"14":{"start":{"line":20,"column":2},"end":{"line":20,"column":49}},"15":{"start":{"line":23,"column":0},"end":{"line":23,"column":33}},"16":{"start":{"line":25,"column":0},"end":{"line":25,"column":42}},"17":{"start":{"line":27,"column":0},"end":{"line":34,"column":1}},"18":{"start":{"line":28,"column":2},"end":{"line":28,"column":26}},"19":{"start":{"line":28,"column":19},"end":{"line":28,"column":26}},"20":{"start":{"line":29,"column":2},"end":{"line":29,"column":22}},"21":{"start":{"line":31,"column":2},"end":{"line":31,"column":51}},"22":{"start":{"line":31,"column":40},"end":{"line":31,"column":51}},"23":{"start":{"line":33,"column":2},"end":{"line":33,"column":74}},"24":{"start":{"line":33,"column":57},"end":{"line":33,"column":74}},"25":{"start":{"line":36,"column":0},"end":{"line":41,"column":1}},"26":{"start":{"line":37,"column":2},"end":{"line":37,"column":21}},"27":{"start":{"line":38,"column":2},"end":{"line":38,"column":23}},"28":{"start":{"line":40,"column":2},"end":{"line":40,"column":35}},"29":{"start":{"line":43,"column":0},"end":{"line":47,"column":1}},"30":{"start":{"line":44,"column":2},"end":{"line":46,"column":3}},"31":{"start":{"line":45,"column":4},"end":{"line":45,"column":27}},"32":{"start":{"line":49,"column":0},"end":{"line":49,"column":26}}},"branchMap":{"1":{"line":28,"type":"if","locations":[{"start":{"line":28,"column":2},"end":{"line":28,"column":2}},{"start":{"line":28,"column":2},"end":{"line":28,"column":2}}]},"2":{"line":31,"type":"if","locations":[{"start":{"line":31,"column":2},"end":{"line":31,"column":2}},{"start":{"line":31,"column":2},"end":{"line":31,"column":2}}]},"3":{"line":33,"type":"if","locations":[{"start":{"line":33,"column":2},"end":{"line":33,"column":2}},{"start":{"line":33,"column":2},"end":{"line":33,"column":2}}]}}},"/Users/ollar/Documents/dev/hunt/src/utils.js":{"path":"/Users/ollar/Documents/dev/hunt/src/utils.js","s":{"1":1,"2":1,"3":5065,"4":1013,"5":1},"b":{},"f":{"1":1013,"2":5065},"fnMap":{"1":{"name":"uuid","line":1,"loc":{"start":{"line":1,"column":0},"end":{"line":1,"column":16}}},"2":{"name":"ko","line":2,"loc":{"start":{"line":2,"column":2},"end":{"line":2,"column":16}}}},"statementMap":{"1":{"start":{"line":1,"column":0},"end":{"line":7,"column":1}},"2":{"start":{"line":2,"column":2},"end":{"line":4,"column":3}},"3":{"start":{"line":3,"column":4},"end":{"line":3,"column":60}},"4":{"start":{"line":6,"column":2},"end":{"line":6,"column":60}},"5":{"start":{"line":9,"column":0},"end":{"line":11,"column":1}}},"branchMap":{}},"/Users/ollar/Documents/dev/hunt/src/field.js":{"path":"/Users/ollar/Documents/dev/hunt/src/field.js","s":{"1":1,"2":1,"3":1,"4":12,"5":1,"6":22,"7":11,"8":22,"9":1,"10":5,"11":1,"12":4,"13":1,"14":2,"15":1,"16":1,"17":1,"18":1,"19":13,"20":1,"21":1},"b":{"1":[11,11],"2":[1,4],"3":[1,1]},"f":{"1":1,"2":12,"3":22,"4":5,"5":2,"6":13},"fnMap":{"1":{"name":"(anonymous_1)","line":1,"loc":{"start":{"line":1,"column":13},"end":{"line":1,"column":24}}},"2":{"name":"show","line":4,"loc":{"start":{"line":4,"column":2},"end":{"line":4,"column":18}}},"3":{"name":"add","line":8,"loc":{"start":{"line":8,"column":2},"end":{"line":8,"column":36}}},"4":{"name":"remove","line":14,"loc":{"start":{"line":14,"column":2},"end":{"line":14,"column":29}}},"5":{"name":"get","line":20,"loc":{"start":{"line":20,"column":2},"end":{"line":20,"column":21}}},"6":{"name":"reset","line":28,"loc":{"start":{"line":28,"column":2},"end":{"line":28,"column":19}}}},"statementMap":{"1":{"start":{"line":1,"column":0},"end":{"line":39,"column":5}},"2":{"start":{"line":2,"column":2},"end":{"line":2,"column":19}},"3":{"start":{"line":4,"column":2},"end":{"line":6,"column":3}},"4":{"start":{"line":5,"column":4},"end":{"line":5,"column":19}},"5":{"start":{"line":8,"column":2},"end":{"line":12,"column":3}},"6":{"start":{"line":9,"column":4},"end":{"line":9,"column":43}},"7":{"start":{"line":9,"column":24},"end":{"line":9,"column":43}},"8":{"start":{"line":11,"column":4},"end":{"line":11,"column":34}},"9":{"start":{"line":14,"column":2},"end":{"line":18,"column":3}},"10":{"start":{"line":15,"column":4},"end":{"line":15,"column":82}},"11":{"start":{"line":15,"column":46},"end":{"line":15,"column":82}},"12":{"start":{"line":17,"column":4},"end":{"line":17,"column":30}},"13":{"start":{"line":20,"column":2},"end":{"line":26,"column":3}},"14":{"start":{"line":21,"column":4},"end":{"line":21,"column":82}},"15":{"start":{"line":21,"column":46},"end":{"line":21,"column":82}},"16":{"start":{"line":23,"column":4},"end":{"line":23,"column":47}},"17":{"start":{"line":25,"column":4},"end":{"line":25,"column":30}},"18":{"start":{"line":28,"column":2},"end":{"line":30,"column":3}},"19":{"start":{"line":29,"column":4},"end":{"line":29,"column":17}},"20":{"start":{"line":32,"column":2},"end":{"line":38,"column":4}},"21":{"start":{"line":41,"column":0},"end":{"line":41,"column":23}}},"branchMap":{"1":{"line":9,"type":"if","locations":[{"start":{"line":9,"column":4},"end":{"line":9,"column":4}},{"start":{"line":9,"column":4},"end":{"line":9,"column":4}}]},"2":{"line":15,"type":"if","locations":[{"start":{"line":15,"column":4},"end":{"line":15,"column":4}},{"start":{"line":15,"column":4},"end":{"line":15,"column":4}}]},"3":{"line":21,"type":"if","locations":[{"start":{"line":21,"column":4},"end":{"line":21,"column":4}},{"start":{"line":21,"column":4},"end":{"line":21,"column":4}}]}}}}