TN:
SF:/Users/ollar/Documents/dev/hunt/src/creature.js
FN:5,Creature
FN:27,(anonymous_2)
FN:36,(anonymous_3)
FN:43,(anonymous_4)
FNF:4
FNH:4
FNDA:12,Creature
FNDA:8,(anonymous_2)
FNDA:3,(anonymous_3)
FNDA:4,(anonymous_4)
DA:1,1
DA:2,1
DA:3,1
DA:5,1
DA:6,12
DA:8,12
DA:10,12
DA:11,12
DA:12,12
DA:13,12
DA:14,12
DA:16,12
DA:18,12
DA:20,12
DA:23,1
DA:25,1
DA:27,1
DA:28,8
DA:29,7
DA:31,7
DA:33,7
DA:36,1
DA:37,3
DA:38,3
DA:40,3
DA:43,1
DA:44,4
DA:45,4
DA:49,1
LF:29
LH:29
BRDA:28,1,0,1
BRDA:28,1,1,7
BRDA:31,2,0,2
BRDA:31,2,1,5
BRDA:33,3,0,4
BRDA:33,3,1,3
BRF:6
BRH:6
end_of_record
TN:
SF:/Users/ollar/Documents/dev/hunt/src/utils.js
FN:1,uuid
FN:2,ko
FNF:2
FNH:2
FNDA:1013,uuid
FNDA:5065,ko
DA:1,1
DA:2,1
DA:3,5065
DA:6,1013
DA:9,1
LF:5
LH:5
BRF:0
BRH:0
end_of_record
TN:
SF:/Users/ollar/Documents/dev/hunt/src/field.js
FN:1,(anonymous_1)
FN:4,show
FN:8,add
FN:14,remove
FN:20,get
FN:28,reset
FNF:6
FNH:6
FNDA:1,(anonymous_1)
FNDA:12,show
FNDA:22,add
FNDA:5,remove
FNDA:2,get
FNDA:13,reset
DA:1,1
DA:2,1
DA:4,1
DA:5,12
DA:8,1
DA:9,22
DA:11,22
DA:14,1
DA:15,5
DA:17,4
DA:20,1
DA:21,2
DA:23,1
DA:25,1
DA:28,1
DA:29,13
DA:32,1
DA:41,1
LF:18
LH:18
BRDA:9,1,0,11
BRDA:9,1,1,11
BRDA:15,2,0,1
BRDA:15,2,1,4
BRDA:21,3,0,1
BRDA:21,3,1,1
BRF:6
BRH:6
end_of_record
