TN:
SF:/Users/bss/Documents/Projects/hunt/src/creature.js
FN:5,Creature
FN:27,(anonymous_2)
FN:36,(anonymous_3)
FN:43,(anonymous_4)
FNF:4
FNH:4
FNDA:25,Creature
FNDA:11,(anonymous_2)
FNDA:4,(anonymous_3)
FNDA:7,(anonymous_4)
DA:1,1
DA:2,1
DA:3,1
DA:5,1
DA:6,25
DA:8,25
DA:10,25
DA:11,25
DA:12,25
DA:13,25
DA:14,25
DA:16,25
DA:18,25
DA:20,25
DA:23,1
DA:25,1
DA:27,1
DA:28,11
DA:29,10
DA:31,10
DA:33,10
DA:36,1
DA:37,4
DA:38,4
DA:40,4
DA:43,1
DA:44,7
DA:45,13
DA:49,1
LF:29
LH:29
BRDA:28,1,0,1
BRDA:28,1,1,10
BRDA:31,2,0,3
BRDA:31,2,1,7
BRDA:33,3,0,7
BRDA:33,3,1,3
BRF:6
BRH:6
end_of_record
TN:
SF:/Users/bss/Documents/Projects/hunt/src/utils.js
FN:1,uuid
FN:2,ko
FNF:2
FNH:2
FNDA:1026,uuid
FNDA:5130,ko
DA:1,1
DA:2,1
DA:3,5130
DA:6,1026
DA:9,1
LF:5
LH:5
BRF:0
BRH:0
end_of_record
TN:
SF:/Users/bss/Documents/Projects/hunt/src/field.js
FN:1,(anonymous_1)
FN:4,show
FN:8,add
FN:14,remove
FN:20,get
FN:28,reset
FNF:6
FNH:6
FNDA:1,(anonymous_1)
FNDA:13,show
FNDA:35,add
FNDA:6,remove
FNDA:2,get
FNDA:17,reset
DA:1,1
DA:2,1
DA:4,1
DA:5,13
DA:8,1
DA:9,35
DA:11,35
DA:14,1
DA:15,6
DA:17,5
DA:20,1
DA:21,2
DA:23,1
DA:25,1
DA:28,1
DA:29,17
DA:32,1
DA:41,1
LF:18
LH:18
BRDA:9,1,0,15
BRDA:9,1,1,20
BRDA:15,2,0,1
BRDA:15,2,1,5
BRDA:21,3,0,1
BRDA:21,3,1,1
BRF:6
BRH:6
end_of_record
TN:
SF:/Users/bss/Documents/Projects/hunt/src/plant.js
FN:4,Plant
FNF:1
FNH:1
FNDA:13,Plant
DA:1,1
DA:2,1
DA:4,1
DA:5,13
DA:7,13
DA:8,13
DA:9,13
DA:12,1
DA:13,1
DA:15,1
LF:10
LH:10
BRF:0
BRH:0
end_of_record
